<?xml version="1.0" encoding="UTF-8"?>
<testng-results ignored="0" total="1" passed="1" failed="0" skipped="0">
  <reporter-output>
  </reporter-output>
  <suite started-at="2022-12-20T17:49:36 IST" name="Default suite" finished-at="2022-12-20T17:50:41 IST" duration-ms="65334">
    <groups>
    </groups>
    <test started-at="2022-12-20T17:49:36 IST" name="Default test" finished-at="2022-12-20T17:50:41 IST" duration-ms="65334">
      <class name="pageTest.FlipkartAddtocartItemTest">
        <test-method is-config="true" signature="initialise()[pri:0, instance:pageTest.FlipkartAddtocartItemTest@6253c26]" started-at="2022-12-20T17:49:34 IST" name="initialise" finished-at="2022-12-20T17:49:36 IST" duration-ms="1649" status="PASS">
          <reporter-output>
          </reporter-output>
        </test-method> <!-- initialise -->
        <test-method is-config="true" signature="init(java.lang.reflect.Method)[pri:0, instance:pageTest.FlipkartAddtocartItemTest@6253c26]" started-at="2022-12-20T17:49:36 IST" name="init" finished-at="2022-12-20T17:50:25 IST" duration-ms="49026" status="PASS">
          <params>
            <param index="0">
              <value>
                <![CDATA[public void pageTest.FlipkartAddtocartItemTest.FlipkartAddRemoveProductTest() throws java.io.IOException,java.lang.Exception]]>
              </value>
            </param>
          </params>
          <reporter-output>
          </reporter-output>
        </test-method> <!-- init -->
        <test-method signature="FlipkartAddRemoveProductTest()[pri:0, instance:pageTest.FlipkartAddtocartItemTest@6253c26]" started-at="2022-12-20T17:50:25 IST" name="FlipkartAddRemoveProductTest" finished-at="2022-12-20T17:50:41 IST" duration-ms="16276" status="PASS">
          <reporter-output>
          </reporter-output>
        </test-method> <!-- FlipkartAddRemoveProductTest -->
        <test-method is-config="true" signature="end(org.testng.ITestResult)[pri:0, instance:pageTest.FlipkartAddtocartItemTest@6253c26]" started-at="2022-12-20T17:50:41 IST" name="end" finished-at="2022-12-20T17:50:41 IST" duration-ms="1" status="PASS">
          <params>
            <param index="0">
              <value>
                <![CDATA[[TestResult name=FlipkartAddRemoveProductTest status=SUCCESS method=FlipkartAddtocartItemTest.FlipkartAddRemoveProductTest()[pri:0, instance:pageTest.FlipkartAddtocartItemTest@6253c26] output={null}]]]>
              </value>
            </param>
          </params>
          <reporter-output>
          </reporter-output>
        </test-method> <!-- end -->
        <test-method is-config="true" signature="tearDown()[pri:0, instance:pageTest.FlipkartAddtocartItemTest@6253c26]" started-at="2022-12-20T17:50:41 IST" name="tearDown" finished-at="2022-12-20T17:50:42 IST" duration-ms="674" status="PASS">
          <reporter-output>
          </reporter-output>
        </test-method> <!-- tearDown -->
      </class> <!-- pageTest.FlipkartAddtocartItemTest -->
    </test> <!-- Default test -->
  </suite> <!-- Default suite -->
</testng-results>
